<?xml version="1.0" encoding="UTF-8"?>
<testsuite name="MonsterTest" tests="1" skipped="0" failures="0" errors="0" timestamp="2022-01-03T19:49:29" hostname="ramalhocas" time="0.001">
  <properties/>
  <testcase name="moveMonsterTest()" classname="MonsterTest" time="0.001"/>
  <system-out><![CDATA[]]></system-out>
  <system-err><![CDATA[]]></system-err>
</testsuite>
