<?xml version="1.0" encoding="UTF-8"?>
<testsuite name="PlayerTest" tests="4" skipped="0" failures="0" errors="0" timestamp="2021-12-29T00:29:44" hostname="ramalhocas" time="0.003">
  <properties/>
  <testcase name="testMoveDown()" classname="PlayerTest" time="0.001"/>
  <testcase name="testMoveLeft()" classname="PlayerTest" time="0.001"/>
  <testcase name="testMoveUp()" classname="PlayerTest" time="0.001"/>
  <testcase name="testMoveRight()" classname="PlayerTest" time="0.0"/>
  <system-out><![CDATA[]]></system-out>
  <system-err><![CDATA[]]></system-err>
</testsuite>
