<?xml version="1.0" encoding="UTF-8"?>
<testsuite name="RoomTest" tests="4" skipped="0" failures="0" errors="0" timestamp="2022-01-03T19:49:29" hostname="ramalhocas" time="0.029">
  <properties/>
  <testcase name="numMonstersTest()" classname="RoomTest" time="0.022"/>
  <testcase name="numWallsTest()" classname="RoomTest" time="0.001"/>
  <testcase name="gatePositionTest()" classname="RoomTest" time="0.002"/>
  <testcase name="collisionTest()" classname="RoomTest" time="0.002"/>
  <system-out><![CDATA[]]></system-out>
  <system-err><![CDATA[]]></system-err>
</testsuite>
