<?xml version="1.0" encoding="UTF-8"?>
<testsuite name="RoomTest" tests="4" skipped="0" failures="0" errors="0" timestamp="2021-12-30T00:30:24" hostname="ramalhocas" time="0.025">
  <properties/>
  <testcase name="numMonstersTest()" classname="RoomTest" time="0.019"/>
  <testcase name="numWallsTest()" classname="RoomTest" time="0.002"/>
  <testcase name="gatePositionTest()" classname="RoomTest" time="0.001"/>
  <testcase name="playerPositionTest()" classname="RoomTest" time="0.001"/>
  <system-out><![CDATA[]]></system-out>
  <system-err><![CDATA[]]></system-err>
</testsuite>
